TN:
SF:/home/vitor/workspace/test/spa/src/components/dashboard/DashboardOrder.vue
FN:60,(anonymous_1)
FN:64,(anonymous_2)
FNF:2
FNH:2
FNDA:3,(anonymous_1)
FNDA:3,(anonymous_2)
DA:35,1
DA:36,1
DA:37,1
DA:46,9
DA:60,6
DA:64,4
DA:67,1
DA:68,1
DA:69,1
DA:70,1
DA:71,1
DA:74,2
DA:75,2
DA:78,1
LF:14
LH:14
BRDA:60,0,0,3
BRDA:60,0,1,3
BRDA:75,1,0,1
BRDA:75,1,1,1
BRDA:77,2,0,0
BRF:5
BRH:4
end_of_record
TN:
SF:/home/vitor/workspace/test/spa/src/components/dashboard/DashboardOrderHistory.vue
FN:55,(anonymous_1)
FN:58,(anonymous_2)
FN:59,(anonymous_3)
FN:60,(anonymous_4)
FNF:4
FNH:4
FNDA:6,(anonymous_1)
FNDA:5,(anonymous_2)
FNDA:1,(anonymous_3)
FNDA:6,(anonymous_4)
DA:45,4
DA:50,4
DA:51,4
DA:55,17
DA:58,9
DA:59,5
DA:60,10
DA:71,5
DA:72,5
DA:73,5
LF:10
LH:10
BRDA:60,0,0,1
BRDA:60,0,1,5
BRDA:72,1,0,2
BRDA:72,1,1,3
BRF:4
BRH:4
end_of_record
TN:
SF:/home/vitor/workspace/test/spa/src/filters/toCurrency.js
FN:1,(anonymous_0)
FNF:1
FNH:1
FNDA:10,(anonymous_0)
DA:2,10
DA:4,10
LF:2
LH:2
BRDA:2,0,0,0
BRDA:2,0,1,10
BRDA:2,1,0,10
BRDA:2,1,1,10
BRF:4
BRH:3
end_of_record
